<?xml version="1.0" encoding="UTF-8"?>
<!-- Generated by org.testng.reporters.JUnitReportReporter -->
<testsuite hostname="Neeta-Toronto" failures="0" tests="1" name="authS.NoAuth" time="2.249" errors="0" timestamp="2023-09-09T23:36:54 EDT" skipped="0">
  <testcase classname="authS.NoAuth" name="postcall" time="2.249"/>
</testsuite> <!-- authS.NoAuth -->
