<?xml version="1.0" encoding="UTF-8"?>
<!-- Generated by org.testng.reporters.JUnitReportReporter -->
<testsuite hostname="Neeta-Toronto" failures="0" tests="1" name="authS.NOAUTH1" time="2.885" errors="0" timestamp="2023-09-11T21:55:20 EDT" skipped="0">
  <testcase classname="authS.NOAUTH1" name="putcall" time="2.885"/>
</testsuite> <!-- authS.NOAUTH1 -->
