<?xml version="1.0" encoding="UTF-8"?>
<!-- Generated by org.testng.reporters.JUnitReportReporter -->
<testsuite hostname="Neeta-Toronto" failures="0" tests="1" name="authS.Crud_operations" time="3.732" errors="0" timestamp="2023-09-10T10:11:17 EDT" skipped="0">
  <testcase classname="authS.Crud_operations" name="putcall" time="3.732"/>
</testsuite> <!-- authS.Crud_operations -->
