<?xml version="1.0" encoding="UTF-8"?>
<!-- Generated by org.testng.reporters.JUnitReportReporter -->
<testsuite hostname="Neeta-Toronto" failures="0" tests="1" name="authS.BasicAuth" time="2.318" errors="0" timestamp="2023-09-12T22:42:29 EDT" skipped="0">
  <testcase classname="authS.BasicAuth" name="bearertoken" time="2.318"/>
</testsuite> <!-- authS.BasicAuth -->
